{
  "time": "2025-09-10T12:41:25.811Z",
  "type": "request",
  "id": "1757508085811-rwsescd6",
  "method": "GET",
  "path": "/api",
  "ip": "::1",
  "headers": {
    "host": "localhost:3000",
    "connection": "keep-alive",
    "cache-control": "max-age=0",
    "sec-ch-ua": "\"Not;A=Brand\";v=\"99\", \"Google Chrome\";v=\"139\", \"Chromium\";v=\"139\"",
    "sec-ch-ua-mobile": "?0",
    "sec-ch-ua-platform": "\"Linux\"",
    "dnt": "1",
    "upgrade-insecure-requests": "1",
    "user-agent": "Mozilla/5.0 (X11; Linux x86_64) AppleWebKit/537.36 (KHTML, like Gecko) Chrome/139.0.0.0 Safari/537.36",
    "accept": "text/html,application/xhtml+xml,application/xml;q=0.9,image/avif,image/webp,image/apng,*/*;q=0.8,application/signed-exchange;v=b3;q=0.7",
    "sec-fetch-site": "none",
    "sec-fetch-mode": "navigate",
    "sec-fetch-user": "?1",
    "sec-fetch-dest": "document",
    "accept-encoding": "gzip, deflate, br, zstd",
    "accept-language": "en-AE,en;q=0.9,ar-AE;q=0.8,ar;q=0.7,en-GB;q=0.6,en-US;q=0.5",
    "cookie": "adminer_key=ea9be7e0c7913e6518d62e729550803b; adminer_settings=vendor-server-mariadb%253A3306%3DMariaDB%26vendor-server-cdc-infra-dev-mariadb_cmmvqoayx8ko_me-central-1_rds_amazonaws_com%253A3306%3DMariaDB%26vendor-server-cdc-infra-dev-mariadb_cmmvqoayx8ko_me-central-1_rds_amazonaws_com%3DMariaDB%26vendor-server-orderingdb_cmmvqoayx8ko_me-central-1_rds_amazonaws_com%253A3306%3DMariaDB; adminer_sid=8359391eb6166b1bcc4a7e2c88d8f0e7; adminer_permanent=c2VydmVy-Y2RjLWluZnJhLWRldi1tYXJpYWRiLmNtbXZxb2F5eDhrby5tZS1jZW50cmFsLTEucmRzLmFtYXpvbmF3cy5jb20%3D-YWRtaW4%3D-bWF4d2VsbA%3D%3D%3Ak03OO8dkb1dcJD7nPUxUMfHlogI%3D%2Bc2VydmVy-Y2RjLWluZnJhLWRldi1tYXJpYWRiLmNtbXZxb2F5eDhrby5tZS1jZW50cmFsLTEucmRzLmFtYXpvbmF3cy5jb206MzMwNg%3D%3D-YWRtaW4%3D-b3JkZXJzX21pcnJvcmluZw%3D%3D%3AXPeFlVyYuAYP6%2F%2B5areIoC7BT8OEoyjO%2F5ehgfCeHzA%3D%2Bc2VydmVy-Y2RjLWluZnJhLWRldi1tYXJpYWRiLmNtbXZxb2F5eDhrby5tZS1jZW50cmFsLTEucmRzLmFtYXpvbmF3cy5jb206MzMwNg%3D%3D-YWRtaW4%3D-b3JkZXJzX21pcnJvcmluZw%3D%3D%3A7ivNcA5N4QAvqhWS2QTFqQ1Istk%3D%2Bc2VydmVy-bWFyaWFkYjozMzA2-dXNlcg%3D%3D-b3JkZXJzX21pcnJvcmluZw%3D%3D%3A9yyRjaJP6CgTKApq%2Bc2VydmVy-bWFyaWFkYjozMzA2-dXNlcg%3D%3D-b3JkZXJzX21pcnJvcmluZw%3D%3D%3AW0tlahupG84RFPx%2F%2Bc2VydmVy-bWFyaWFkYjozMzA2-dXNlcg%3D%3D-b3JkZXJzX21pcnJvcmluZw%3D%3D%3AM6dor28od%2FeqFrUC+c2VydmVy-bWFyaWFkYjozMzA2-dXNlcg%3D%3D-b3JkZXJzX21pcnJvcmluZw%3D%3D%3AJVQqGLzoNk%2FmWmZp; AMP_MKTG_8f1ede8e9c=JTdCJTdE; AMP_8f1ede8e9c=JTdCJTIyZGV2aWNlSWQlMjIlM0ElMjI1MzAzMWQwNy0wZmUyLTQxNzQtODIxNC1kZDY5YjE1MWM3MTMlMjIlMkMlMjJzZXNzaW9uSWQlMjIlM0ExNzU3NTA4MDUzMDI5JTJDJTIyb3B0T3V0JTIyJTNBZmFsc2UlMkMlMjJsYXN0RXZlbnRUaW1lJTIyJTNBMTc1NzUwODA2NzQ3NyU3RA==",
    "if-none-match": "W/\"31-YUMgosjkSRSWj4SeJ9Qy++MAm0E\""
  },
  "query": {},
  "params": {
    "path": [
      "api"
    ]
  }
}
{
  "time": "2025-09-10T12:41:25.815Z",
  "type": "response",
  "id": "1757508085811-rwsescd6",
  "statusCode": 404,
  "durationMs": 3.56
}
